/ssu/gassu/conda_envs/tiledb/lib/python3.10/site-packages/dask/dataframe/_pyarrow_compat.py:15: FutureWarning: Minimal version of pyarrow will soon be increased to 14.0.1. You are using 9.0.0. Please consider upgrading.
  warnings.warn(
['UKB-a-177', 'UKB-a-178']
Available samples: ['UKB-a-1', 'UKB-a-10', 'UKB-a-100', 'UKB-a-101', 'UKB-a-102', 'UKB-a-103', 'UKB-a-104', 'UKB-a-105', 'UKB-a-106', 'UKB-a-107', 'UKB-a-108', 'UKB-a-109', 'UKB-a-11', 'UKB-a-110', 'UKB-a-111', 'UKB-a-112', 'UKB-a-113', 'UKB-a-114', 'UKB-a-115', 'UKB-a-116', 'UKB-a-117', 'UKB-a-118', 'UKB-a-119', 'UKB-a-12', 'UKB-a-120', 'UKB-a-121', 'UKB-a-122', 'UKB-a-123', 'UKB-a-124', 'UKB-a-125', 'UKB-a-126', 'UKB-a-127', 'UKB-a-128', 'UKB-a-129', 'UKB-a-13', 'UKB-a-130', 'UKB-a-131', 'UKB-a-132', 'UKB-a-133', 'UKB-a-134', 'UKB-a-135', 'UKB-a-136', 'UKB-a-137', 'UKB-a-138', 'UKB-a-139', 'UKB-a-14', 'UKB-a-140', 'UKB-a-141', 'UKB-a-142', 'UKB-a-143', 'UKB-a-144', 'UKB-a-145', 'UKB-a-146', 'UKB-a-147', 'UKB-a-148', 'UKB-a-149', 'UKB-a-15', 'UKB-a-150', 'UKB-a-151', 'UKB-a-152', 'UKB-a-153', 'UKB-a-154', 'UKB-a-155', 'UKB-a-156', 'UKB-a-157', 'UKB-a-158', 'UKB-a-159', 'UKB-a-16', 'UKB-a-160', 'UKB-a-161', 'UKB-a-162', 'UKB-a-163', 'UKB-a-164', 'UKB-a-165', 'UKB-a-166', 'UKB-a-167', 'UKB-a-168', 'UKB-a-169', 'UKB-a-17', 'UKB-a-170', 'UKB-a-171', 'UKB-a-172', 'UKB-a-173', 'UKB-a-174', 'UKB-a-175', 'UKB-a-176', 'UKB-a-177', 'UKB-a-178', 'UKB-a-179', 'UKB-a-18', 'UKB-a-180', 'UKB-a-181', 'UKB-a-182', 'UKB-a-183', 'UKB-a-184', 'UKB-a-185', 'UKB-a-186', 'UKB-a-187', 'UKB-a-188', 'UKB-a-189', 'UKB-a-19', 'UKB-a-190', 'UKB-a-191', 'UKB-a-192', 'UKB-a-193', 'UKB-a-194', 'UKB-a-195', 'UKB-a-196', 'UKB-a-197', 'UKB-a-198', 'UKB-a-199', 'UKB-a-2', 'UKB-a-20', 'UKB-a-200', 'UKB-a-201', 'UKB-a-202', 'UKB-a-203', 'UKB-a-204', 'UKB-a-205', 'UKB-a-206', 'UKB-a-207', 'UKB-a-208', 'UKB-a-209', 'UKB-a-21', 'UKB-a-210', 'UKB-a-211', 'UKB-a-212', 'UKB-a-213', 'UKB-a-214', 'UKB-a-215', 'UKB-a-216', 'UKB-a-217', 'UKB-a-218', 'UKB-a-219', 'UKB-a-22', 'UKB-a-220', 'UKB-a-221', 'UKB-a-222', 'UKB-a-223', 'UKB-a-224', 'UKB-a-225', 'UKB-a-226', 'UKB-a-227', 'UKB-a-228', 'UKB-a-229', 'UKB-a-23', 'UKB-a-230', 'UKB-a-231', 'UKB-a-232', 'UKB-a-233', 'UKB-a-234', 'UKB-a-235', 'UKB-a-236', 'UKB-a-237', 'UKB-a-238', 'UKB-a-239', 'UKB-a-24', 'UKB-a-240', 'UKB-a-241', 'UKB-a-242', 'UKB-a-243', 'UKB-a-244', 'UKB-a-245', 'UKB-a-246', 'UKB-a-247', 'UKB-a-248', 'UKB-a-249', 'UKB-a-25', 'UKB-a-250', 'UKB-a-251', 'UKB-a-252', 'UKB-a-253', 'UKB-a-254', 'UKB-a-255', 'UKB-a-256', 'UKB-a-257', 'UKB-a-258', 'UKB-a-259', 'UKB-a-26', 'UKB-a-260', 'UKB-a-261', 'UKB-a-262', 'UKB-a-263', 'UKB-a-264', 'UKB-a-265', 'UKB-a-266', 'UKB-a-267', 'UKB-a-268', 'UKB-a-269', 'UKB-a-27', 'UKB-a-270', 'UKB-a-271', 'UKB-a-272', 'UKB-a-273', 'UKB-a-274', 'UKB-a-275', 'UKB-a-276', 'UKB-a-277', 'UKB-a-278', 'UKB-a-279', 'UKB-a-28', 'UKB-a-280', 'UKB-a-281', 'UKB-a-282', 'UKB-a-283', 'UKB-a-284', 'UKB-a-285', 'UKB-a-286', 'UKB-a-287', 'UKB-a-288', 'UKB-a-289', 'UKB-a-29', 'UKB-a-290', 'UKB-a-291', 'UKB-a-292', 'UKB-a-293', 'UKB-a-294', 'UKB-a-295', 'UKB-a-296', 'UKB-a-297', 'UKB-a-298', 'UKB-a-299', 'UKB-a-3', 'UKB-a-30', 'UKB-a-300', 'UKB-a-301', 'UKB-a-302', 'UKB-a-303', 'UKB-a-304', 'UKB-a-305', 'UKB-a-306', 'UKB-a-307', 'UKB-a-308', 'UKB-a-309', 'UKB-a-31', 'UKB-a-310', 'UKB-a-311', 'UKB-a-312', 'UKB-a-313', 'UKB-a-314', 'UKB-a-315', 'UKB-a-316', 'UKB-a-317', 'UKB-a-318', 'UKB-a-319', 'UKB-a-32', 'UKB-a-320', 'UKB-a-321', 'UKB-a-322', 'UKB-a-323', 'UKB-a-324', 'UKB-a-325', 'UKB-a-326', 'UKB-a-327', 'UKB-a-328', 'UKB-a-329', 'UKB-a-33', 'UKB-a-330', 'UKB-a-331', 'UKB-a-332', 'UKB-a-333', 'UKB-a-334', 'UKB-a-335', 'UKB-a-336', 'UKB-a-337', 'UKB-a-338', 'UKB-a-339', 'UKB-a-34', 'UKB-a-340', 'UKB-a-341', 'UKB-a-342', 'UKB-a-343', 'UKB-a-344', 'UKB-a-345', 'UKB-a-346', 'UKB-a-347', 'UKB-a-348', 'UKB-a-349', 'UKB-a-35', 'UKB-a-350', 'UKB-a-351', 'UKB-a-352', 'UKB-a-353', 'UKB-a-354', 'UKB-a-355', 'UKB-a-356', 'UKB-a-357', 'UKB-a-358', 'UKB-a-359', 'UKB-a-36', 'UKB-a-360', 'UKB-a-361', 'UKB-a-362', 'UKB-a-363', 'UKB-a-364', 'UKB-a-365', 'UKB-a-366', 'UKB-a-367', 'UKB-a-368', 'UKB-a-369', 'UKB-a-37', 'UKB-a-370', 'UKB-a-371', 'UKB-a-372', 'UKB-a-373', 'UKB-a-374', 'UKB-a-375', 'UKB-a-376', 'UKB-a-377', 'UKB-a-378', 'UKB-a-379', 'UKB-a-38', 'UKB-a-380', 'UKB-a-381', 'UKB-a-382', 'UKB-a-383', 'UKB-a-384', 'UKB-a-385', 'UKB-a-386', 'UKB-a-387', 'UKB-a-388', 'UKB-a-389', 'UKB-a-39', 'UKB-a-390', 'UKB-a-391', 'UKB-a-392', 'UKB-a-393', 'UKB-a-394', 'UKB-a-395', 'UKB-a-396', 'UKB-a-397', 'UKB-a-398', 'UKB-a-399', 'UKB-a-4', 'UKB-a-40', 'UKB-a-400', 'UKB-a-401', 'UKB-a-402', 'UKB-a-403', 'UKB-a-404', 'UKB-a-405', 'UKB-a-406', 'UKB-a-407', 'UKB-a-408', 'UKB-a-409', 'UKB-a-41', 'UKB-a-410', 'UKB-a-411', 'UKB-a-412', 'UKB-a-413', 'UKB-a-414', 'UKB-a-415', 'UKB-a-416', 'UKB-a-417', 'UKB-a-418', 'UKB-a-419', 'UKB-a-42', 'UKB-a-420', 'UKB-a-421', 'UKB-a-422', 'UKB-a-423', 'UKB-a-424', 'UKB-a-425', 'UKB-a-426', 'UKB-a-427', 'UKB-a-428', 'UKB-a-429', 'UKB-a-43', 'UKB-a-430', 'UKB-a-431', 'UKB-a-432', 'UKB-a-433', 'UKB-a-434', 'UKB-a-435', 'UKB-a-436', 'UKB-a-437', 'UKB-a-438', 'UKB-a-439', 'UKB-a-44', 'UKB-a-440', 'UKB-a-441', 'UKB-a-442', 'UKB-a-443', 'UKB-a-444', 'UKB-a-445', 'UKB-a-446', 'UKB-a-447', 'UKB-a-448', 'UKB-a-449', 'UKB-a-45', 'UKB-a-450', 'UKB-a-451', 'UKB-a-452', 'UKB-a-453', 'UKB-a-454', 'UKB-a-455', 'UKB-a-456', 'UKB-a-457', 'UKB-a-458', 'UKB-a-459', 'UKB-a-46', 'UKB-a-460', 'UKB-a-461', 'UKB-a-462', 'UKB-a-463', 'UKB-a-464', 'UKB-a-465', 'UKB-a-466', 'UKB-a-467', 'UKB-a-468', 'UKB-a-469', 'UKB-a-47', 'UKB-a-470', 'UKB-a-471', 'UKB-a-472', 'UKB-a-473', 'UKB-a-474', 'UKB-a-475', 'UKB-a-476', 'UKB-a-477', 'UKB-a-478', 'UKB-a-479', 'UKB-a-48', 'UKB-a-480', 'UKB-a-481', 'UKB-a-482', 'UKB-a-483', 'UKB-a-484', 'UKB-a-485', 'UKB-a-486', 'UKB-a-487', 'UKB-a-488', 'UKB-a-489', 'UKB-a-49', 'UKB-a-490', 'UKB-a-491', 'UKB-a-492', 'UKB-a-493', 'UKB-a-494', 'UKB-a-495', 'UKB-a-496', 'UKB-a-497', 'UKB-a-498', 'UKB-a-499', 'UKB-a-5', 'UKB-a-50', 'UKB-a-500', 'UKB-a-501', 'UKB-a-502', 'UKB-a-503', 'UKB-a-504', 'UKB-a-505', 'UKB-a-506', 'UKB-a-507', 'UKB-a-508', 'UKB-a-509', 'UKB-a-51', 'UKB-a-510', 'UKB-a-511', 'UKB-a-512', 'UKB-a-513', 'UKB-a-514', 'UKB-a-515', 'UKB-a-516', 'UKB-a-517', 'UKB-a-518', 'UKB-a-519', 'UKB-a-52', 'UKB-a-520', 'UKB-a-521', 'UKB-a-522', 'UKB-a-523', 'UKB-a-524', 'UKB-a-525', 'UKB-a-526', 'UKB-a-527', 'UKB-a-528', 'UKB-a-529', 'UKB-a-53', 'UKB-a-530', 'UKB-a-531', 'UKB-a-532', 'UKB-a-533', 'UKB-a-534', 'UKB-a-535', 'UKB-a-536', 'UKB-a-537', 'UKB-a-538', 'UKB-a-539', 'UKB-a-54', 'UKB-a-540', 'UKB-a-541', 'UKB-a-542', 'UKB-a-543', 'UKB-a-544', 'UKB-a-545', 'UKB-a-546', 'UKB-a-547', 'UKB-a-548', 'UKB-a-549', 'UKB-a-55', 'UKB-a-550', 'UKB-a-551', 'UKB-a-552', 'UKB-a-553', 'UKB-a-554', 'UKB-a-555', 'UKB-a-556', 'UKB-a-557', 'UKB-a-558', 'UKB-a-559', 'UKB-a-56', 'UKB-a-560', 'UKB-a-561', 'UKB-a-562', 'UKB-a-563', 'UKB-a-564', 'UKB-a-565', 'UKB-a-566', 'UKB-a-567', 'UKB-a-568', 'UKB-a-569', 'UKB-a-57', 'UKB-a-570', 'UKB-a-571', 'UKB-a-572', 'UKB-a-573', 'UKB-a-574', 'UKB-a-575', 'UKB-a-576', 'UKB-a-577', 'UKB-a-578', 'UKB-a-579', 'UKB-a-58', 'UKB-a-580', 'UKB-a-581', 'UKB-a-582', 'UKB-a-583', 'UKB-a-584', 'UKB-a-585', 'UKB-a-586', 'UKB-a-587', 'UKB-a-588', 'UKB-a-589', 'UKB-a-59', 'UKB-a-590', 'UKB-a-591', 'UKB-a-592', 'UKB-a-593', 'UKB-a-594', 'UKB-a-595', 'UKB-a-596', 'UKB-a-6', 'UKB-a-60', 'UKB-a-61', 'UKB-a-62', 'UKB-a-63', 'UKB-a-64', 'UKB-a-65', 'UKB-a-66', 'UKB-a-67', 'UKB-a-68', 'UKB-a-69', 'UKB-a-7', 'UKB-a-70', 'UKB-a-71', 'UKB-a-72', 'UKB-a-73', 'UKB-a-74', 'UKB-a-75', 'UKB-a-76', 'UKB-a-77', 'UKB-a-78', 'UKB-a-79', 'UKB-a-8', 'UKB-a-80', 'UKB-a-81', 'UKB-a-82', 'UKB-a-83', 'UKB-a-84', 'UKB-a-85', 'UKB-a-86', 'UKB-a-87', 'UKB-a-88', 'UKB-a-89', 'UKB-a-9', 'UKB-a-90', 'UKB-a-91', 'UKB-a-92', 'UKB-a-93', 'UKB-a-94', 'UKB-a-95', 'UKB-a-96', 'UKB-a-97', 'UKB-a-98', 'UKB-a-99']
Sample 'ukba' is not present in the dataset.
Traceback (most recent call last):
  File "/ssu/gassu/GAU_tools/tileDB/tileDBvcf-benchmark/gwasstudio/gwasstudio/main.py", line 47, in <module>
    main()
  File "/ssu/gassu/GAU_tools/tileDB/tileDBvcf-benchmark/gwasstudio/gwasstudio/main.py", line 43, in main
    cli_init(obj={})
  File "/ssu/gassu/conda_envs/tiledb/lib/python3.10/site-packages/click/core.py", line 1157, in __call__
    return self.main(*args, **kwargs)
  File "/ssu/gassu/conda_envs/tiledb/lib/python3.10/site-packages/click/core.py", line 1078, in main
    rv = self.invoke(ctx)
  File "/ssu/gassu/conda_envs/tiledb/lib/python3.10/site-packages/click/core.py", line 1688, in invoke
    return _process_result(sub_ctx.command.invoke(sub_ctx))
  File "/ssu/gassu/conda_envs/tiledb/lib/python3.10/site-packages/click/core.py", line 1434, in invoke
    return ctx.invoke(self.callback, **ctx.params)
  File "/ssu/gassu/conda_envs/tiledb/lib/python3.10/site-packages/click/core.py", line 783, in invoke
    return __callback(*args, **kwargs)
  File "/ssu/gassu/conda_envs/tiledb/lib/python3.10/site-packages/click/decorators.py", line 33, in new_func
    return f(get_current_context(), *args, **kwargs)
  File "/ssu/gassu/GAU_tools/tileDB/tileDBvcf-benchmark/gwasstudio/gwasstudio/cli/export.py", line 116, in export
    for batch in ds.read_iter(attrs=_attrs, bed_file=regions_file, samples=samples_list):
  File "/ssu/gassu/conda_envs/tiledb/lib/python3.10/site-packages/tiledbvcf/dataset.py", line 475, in read_iter
    yield self.read(attrs, samples, regions, samples_file, bed_file)
  File "/ssu/gassu/conda_envs/tiledb/lib/python3.10/site-packages/tiledbvcf/dataset.py", line 365, in read
    return self.continue_read()
  File "/ssu/gassu/conda_envs/tiledb/lib/python3.10/site-packages/tiledbvcf/dataset.py", line 495, in continue_read
    return table.to_pandas()
  File "pyarrow/array.pxi", line 823, in pyarrow.lib._PandasConvertible.to_pandas
  File "pyarrow/table.pxi", line 3913, in pyarrow.lib.Table._to_pandas
  File "/ssu/gassu/conda_envs/tiledb/lib/python3.10/site-packages/pyarrow/pandas_compat.py", line 817, in table_to_blockmanager
    columns = _deserialize_column_index(table, all_columns, column_indexes)
  File "/ssu/gassu/conda_envs/tiledb/lib/python3.10/site-packages/pyarrow/pandas_compat.py", line 936, in _deserialize_column_index
    columns = _flatten_single_level_multiindex(columns)
  File "/ssu/gassu/conda_envs/tiledb/lib/python3.10/site-packages/pyarrow/pandas_compat.py", line 1184, in _flatten_single_level_multiindex
    raise ValueError('Found non-unique column index')
ValueError: Found non-unique column index
2024-08-05 12:11:21,975 - distributed.deploy.adaptive_core - INFO - Adaptive stop
2024-08-05 12:11:22,066 - distributed.deploy.adaptive_core - INFO - Adaptive stop
